<?xml version="1.0" encoding="UTF-8"?>
<!-- Generated by org.testng.reporters.JUnitReportReporter -->
<testsuite hostname="DESKTOP-SCG7TFE" failures="0" tests="1" name="Demotestplexus.Demotestplexus.AppTest" time="28.642" errors="0" timestamp="2022-03-03T17:58:01 MST" skipped="0">
  <testcase classname="Demotestplexus.Demotestplexus.AppTest" name="Get_Title" time="28.642"/>
  <system-out/>
</testsuite> <!-- Demotestplexus.Demotestplexus.AppTest -->
